2016/08/01 20:39:35 [INFO] Terraform version: 0.6.14  c7e5b24531e73aae1eec2f7530d968ac8c69804c
2016/08/01 20:39:35 [DEBUG] Detected home directory from env var: /Users/adron
2016/08/01 20:39:35 [DEBUG] Discovered plugin: atlas = /usr/local/terraform_0_6_14/terraform-provider-atlas
2016/08/01 20:39:35 [DEBUG] Discovered plugin: aws = /usr/local/terraform_0_6_14/terraform-provider-aws
2016/08/01 20:39:35 [DEBUG] Discovered plugin: azure = /usr/local/terraform_0_6_14/terraform-provider-azure
2016/08/01 20:39:35 [DEBUG] Discovered plugin: azurerm = /usr/local/terraform_0_6_14/terraform-provider-azurerm
2016/08/01 20:39:35 [DEBUG] Discovered plugin: chef = /usr/local/terraform_0_6_14/terraform-provider-chef
2016/08/01 20:39:35 [DEBUG] Discovered plugin: clc = /usr/local/terraform_0_6_14/terraform-provider-clc
2016/08/01 20:39:35 [DEBUG] Discovered plugin: cloudflare = /usr/local/terraform_0_6_14/terraform-provider-cloudflare
2016/08/01 20:39:35 [DEBUG] Discovered plugin: cloudstack = /usr/local/terraform_0_6_14/terraform-provider-cloudstack
2016/08/01 20:39:35 [DEBUG] Discovered plugin: consul = /usr/local/terraform_0_6_14/terraform-provider-consul
2016/08/01 20:39:35 [DEBUG] Discovered plugin: datadog = /usr/local/terraform_0_6_14/terraform-provider-datadog
2016/08/01 20:39:35 [DEBUG] Discovered plugin: digitalocean = /usr/local/terraform_0_6_14/terraform-provider-digitalocean
2016/08/01 20:39:35 [DEBUG] Discovered plugin: dme = /usr/local/terraform_0_6_14/terraform-provider-dme
2016/08/01 20:39:35 [DEBUG] Discovered plugin: dnsimple = /usr/local/terraform_0_6_14/terraform-provider-dnsimple
2016/08/01 20:39:35 [DEBUG] Discovered plugin: docker = /usr/local/terraform_0_6_14/terraform-provider-docker
2016/08/01 20:39:35 [DEBUG] Discovered plugin: dyn = /usr/local/terraform_0_6_14/terraform-provider-dyn
2016/08/01 20:39:35 [DEBUG] Discovered plugin: github = /usr/local/terraform_0_6_14/terraform-provider-github
2016/08/01 20:39:35 [DEBUG] Discovered plugin: google = /usr/local/terraform_0_6_14/terraform-provider-google
2016/08/01 20:39:35 [DEBUG] Discovered plugin: heroku = /usr/local/terraform_0_6_14/terraform-provider-heroku
2016/08/01 20:39:35 [DEBUG] Discovered plugin: influxdb = /usr/local/terraform_0_6_14/terraform-provider-influxdb
2016/08/01 20:39:35 [DEBUG] Discovered plugin: mailgun = /usr/local/terraform_0_6_14/terraform-provider-mailgun
2016/08/01 20:39:35 [DEBUG] Discovered plugin: mysql = /usr/local/terraform_0_6_14/terraform-provider-mysql
2016/08/01 20:39:35 [DEBUG] Discovered plugin: null = /usr/local/terraform_0_6_14/terraform-provider-null
2016/08/01 20:39:35 [DEBUG] Discovered plugin: openstack = /usr/local/terraform_0_6_14/terraform-provider-openstack
2016/08/01 20:39:35 [DEBUG] Discovered plugin: packet = /usr/local/terraform_0_6_14/terraform-provider-packet
2016/08/01 20:39:35 [DEBUG] Discovered plugin: postgresql = /usr/local/terraform_0_6_14/terraform-provider-postgresql
2016/08/01 20:39:35 [DEBUG] Discovered plugin: powerdns = /usr/local/terraform_0_6_14/terraform-provider-powerdns
2016/08/01 20:39:35 [DEBUG] Discovered plugin: rundeck = /usr/local/terraform_0_6_14/terraform-provider-rundeck
2016/08/01 20:39:35 [DEBUG] Discovered plugin: statuscake = /usr/local/terraform_0_6_14/terraform-provider-statuscake
2016/08/01 20:39:35 [DEBUG] Discovered plugin: template = /usr/local/terraform_0_6_14/terraform-provider-template
2016/08/01 20:39:35 [DEBUG] Discovered plugin: terraform = /usr/local/terraform_0_6_14/terraform-provider-terraform
2016/08/01 20:39:35 [DEBUG] Discovered plugin: tls = /usr/local/terraform_0_6_14/terraform-provider-tls
2016/08/01 20:39:35 [DEBUG] Discovered plugin: triton = /usr/local/terraform_0_6_14/terraform-provider-triton
2016/08/01 20:39:35 [DEBUG] Discovered plugin: ultradns = /usr/local/terraform_0_6_14/terraform-provider-ultradns
2016/08/01 20:39:35 [DEBUG] Discovered plugin: vcd = /usr/local/terraform_0_6_14/terraform-provider-vcd
2016/08/01 20:39:35 [DEBUG] Discovered plugin: vsphere = /usr/local/terraform_0_6_14/terraform-provider-vsphere
2016/08/01 20:39:35 [DEBUG] Discovered plugin: chef = /usr/local/terraform_0_6_14/terraform-provisioner-chef
2016/08/01 20:39:35 [DEBUG] Discovered plugin: file = /usr/local/terraform_0_6_14/terraform-provisioner-file
2016/08/01 20:39:35 [DEBUG] Discovered plugin: local-exec = /usr/local/terraform_0_6_14/terraform-provisioner-local-exec
2016/08/01 20:39:35 [DEBUG] Discovered plugin: remote-exec = /usr/local/terraform_0_6_14/terraform-provisioner-remote-exec
2016/08/01 20:39:35 [DEBUG] Detected home directory from env var: /Users/adron
2016/08/01 20:39:35 [DEBUG] Attempting to open CLI config file: /Users/adron/.terraformrc
2016/08/01 20:39:35 [DEBUG] File doesn't exist, but doesn't need to. Ignoring.
2016/08/01 20:39:35 [DEBUG] Detected home directory from env var: /Users/adron
2016/08/01 20:39:35 [DEBUG] waiting for all plugin processes to complete...
